<?xml version="1.0" encoding="UTF-8"?>
<testng-results ignored="0" total="5" passed="5" failed="0" skipped="0">
  <reporter-output>
  </reporter-output>
  <suite started-at="2024-03-25T06:24:35 PDT" name="Suite" finished-at="2024-03-25T06:28:27 PDT" duration-ms="232173">
    <groups>
      <group name="regression">
        <method signature="TestCase1_UpcomingBikeDetails.clickNewBikes()[pri:0, instance:TestCase.TestCase1_UpcomingBikeDetails@75437611]" name="clickNewBikes" class="TestCase.TestCase1_UpcomingBikeDetails"/>
        <method signature="TestCase1_UpcomingBikeDetails.clickUpcomingBikes()[pri:0, instance:TestCase.TestCase1_UpcomingBikeDetails@75437611]" name="clickUpcomingBikes" class="TestCase.TestCase1_UpcomingBikeDetails"/>
        <method signature="TestCase2_UsedCarsDetails.UsedCarDetails()[pri:0, instance:TestCase.TestCase2_UsedCarsDetails@1349883]" name="UsedCarDetails" class="TestCase.TestCase2_UsedCarsDetails"/>
        <method signature="TestCase3_GoogleLogin.verifyLoginPage()[pri:0, instance:TestCase.TestCase3_GoogleLogin@4b29d1d2]" name="verifyLoginPage" class="TestCase.TestCase3_GoogleLogin"/>
        <method signature="TestCase4_GoogleSignup.verifyLoginPage()[pri:0, instance:TestCase.TestCase4_GoogleSignup@7f485fda]" name="verifyLoginPage" class="TestCase.TestCase4_GoogleSignup"/>
      </group> <!-- regression -->
      <group name="smoke">
        <method signature="TestCase1_UpcomingBikeDetails.clickNewBikes()[pri:0, instance:TestCase.TestCase1_UpcomingBikeDetails@75437611]" name="clickNewBikes" class="TestCase.TestCase1_UpcomingBikeDetails"/>
        <method signature="TestCase1_UpcomingBikeDetails.clickUpcomingBikes()[pri:0, instance:TestCase.TestCase1_UpcomingBikeDetails@75437611]" name="clickUpcomingBikes" class="TestCase.TestCase1_UpcomingBikeDetails"/>
        <method signature="TestCase3_GoogleLogin.verifyLoginPage()[pri:0, instance:TestCase.TestCase3_GoogleLogin@4b29d1d2]" name="verifyLoginPage" class="TestCase.TestCase3_GoogleLogin"/>
      </group> <!-- smoke -->
      <group name="master">
        <method signature="TestCase1_UpcomingBikeDetails.clickNewBikes()[pri:0, instance:TestCase.TestCase1_UpcomingBikeDetails@75437611]" name="clickNewBikes" class="TestCase.TestCase1_UpcomingBikeDetails"/>
        <method signature="TestCase1_UpcomingBikeDetails.clickUpcomingBikes()[pri:0, instance:TestCase.TestCase1_UpcomingBikeDetails@75437611]" name="clickUpcomingBikes" class="TestCase.TestCase1_UpcomingBikeDetails"/>
        <method signature="TestCase2_UsedCarsDetails.UsedCarDetails()[pri:0, instance:TestCase.TestCase2_UsedCarsDetails@1349883]" name="UsedCarDetails" class="TestCase.TestCase2_UsedCarsDetails"/>
        <method signature="TestCase3_GoogleLogin.verifyLoginPage()[pri:0, instance:TestCase.TestCase3_GoogleLogin@4b29d1d2]" name="verifyLoginPage" class="TestCase.TestCase3_GoogleLogin"/>
        <method signature="TestCase4_GoogleSignup.verifyLoginPage()[pri:0, instance:TestCase.TestCase4_GoogleSignup@7f485fda]" name="verifyLoginPage" class="TestCase.TestCase4_GoogleSignup"/>
      </group> <!-- master -->
    </groups>
    <test started-at="2024-03-25T06:24:35 PDT" name="ChromeTest" finished-at="2024-03-25T06:28:27 PDT" duration-ms="232173">
      <class name="TestCase.TestCase3_GoogleLogin">
        <test-method signature="verifyLoginPage()[pri:0, instance:TestCase.TestCase3_GoogleLogin@4b29d1d2]" started-at="2024-03-25T06:26:49 PDT" name="verifyLoginPage" finished-at="2024-03-25T06:28:17 PDT" duration-ms="88081" status="PASS">
          <reporter-output>
          </reporter-output>
        </test-method> <!-- verifyLoginPage -->
      </class> <!-- TestCase.TestCase3_GoogleLogin -->
      <class name="TestCase.TestCase1_UpcomingBikeDetails">
        <test-method is-config="true" signature="invokeBrowser(java.lang.String,java.lang.String)[pri:0, instance:TestCase.TestCase1_UpcomingBikeDetails@75437611]" started-at="2024-03-25T06:24:35 PDT" name="invokeBrowser" finished-at="2024-03-25T06:25:15 PDT" duration-ms="39389" status="PASS">
          <params>
            <param index="0">
              <value>
                <![CDATA[Windows]]>
              </value>
            </param>
            <param index="1">
              <value>
                <![CDATA[chrome]]>
              </value>
            </param>
          </params>
          <reporter-output>
          </reporter-output>
        </test-method> <!-- invokeBrowser -->
        <test-method signature="clickNewBikes()[pri:0, instance:TestCase.TestCase1_UpcomingBikeDetails@75437611]" started-at="2024-03-25T06:25:15 PDT" name="clickNewBikes" finished-at="2024-03-25T06:25:20 PDT" duration-ms="5065" status="PASS">
          <reporter-output>
          </reporter-output>
        </test-method> <!-- clickNewBikes -->
        <test-method signature="clickUpcomingBikes()[pri:0, instance:TestCase.TestCase1_UpcomingBikeDetails@75437611]" started-at="2024-03-25T06:25:20 PDT" name="clickUpcomingBikes" finished-at="2024-03-25T06:26:04 PDT" depends-on-methods="TestCase.TestCase1_UpcomingBikeDetails.clickNewBikes" duration-ms="43278" status="PASS">
          <reporter-output>
          </reporter-output>
        </test-method> <!-- clickUpcomingBikes -->
        <test-method is-config="true" signature="tearDown()[pri:0, instance:TestCase.TestCase1_UpcomingBikeDetails@75437611]" started-at="2024-03-25T06:28:26 PDT" name="tearDown" finished-at="2024-03-25T06:28:27 PDT" duration-ms="1180" status="PASS">
          <reporter-output>
          </reporter-output>
        </test-method> <!-- tearDown -->
      </class> <!-- TestCase.TestCase1_UpcomingBikeDetails -->
      <class name="TestCase.TestCase2_UsedCarsDetails">
        <test-method signature="UsedCarDetails()[pri:0, instance:TestCase.TestCase2_UsedCarsDetails@1349883]" started-at="2024-03-25T06:26:04 PDT" name="UsedCarDetails" finished-at="2024-03-25T06:26:48 PDT" duration-ms="44394" status="PASS">
          <reporter-output>
          </reporter-output>
        </test-method> <!-- UsedCarDetails -->
      </class> <!-- TestCase.TestCase2_UsedCarsDetails -->
      <class name="TestCase.TestCase4_GoogleSignup">
        <test-method signature="verifyLoginPage()[pri:0, instance:TestCase.TestCase4_GoogleSignup@7f485fda]" started-at="2024-03-25T06:28:18 PDT" name="verifyLoginPage" finished-at="2024-03-25T06:28:26 PDT" duration-ms="8128" status="PASS">
          <reporter-output>
          </reporter-output>
        </test-method> <!-- verifyLoginPage -->
      </class> <!-- TestCase.TestCase4_GoogleSignup -->
    </test> <!-- ChromeTest -->
  </suite> <!-- Suite -->
</testng-results>
